<?xml version="1.0" encoding="UTF-8"?>
<!-- Generated by org.testng.reporters.JUnitXMLReporter -->
<testsuite ignored="0" hostname="DESKTOP-U4N34CQ" failures="0" tests="3" name="Default test" time="0.065" errors="0" timestamp="2023-10-12T13:22:11 IST">
  <testcase classname="com.Phase2Project3.TestPracticeSearch" name="findpractice" time="0.011"/>
  <testcase classname="com.Phase2Project3.TestPracticeSearch" name="findpracticeEmptyInput" time="0.001"/>
  <testcase classname="com.Phase2Project3.TestPracticeSearch" name="findpracticeInvalidInput" time="0.002"/>
</testsuite> <!-- Default test -->
