<?xml version="1.0" encoding="UTF-8"?>
<testng-results ignored="0" total="3" passed="3" failed="0" skipped="0">
  <reporter-output>
  </reporter-output>
  <suite started-at="2023-10-12T13:22:11 IST" name="Default suite" finished-at="2023-10-12T13:22:11 IST" duration-ms="65">
    <groups>
    </groups>
    <test started-at="2023-10-12T13:22:11 IST" name="Default test" finished-at="2023-10-12T13:22:11 IST" duration-ms="65">
      <class name="com.Phase2Project3.TestPracticeSearch">
        <test-method signature="findpractice()[pri:0, instance:com.Phase2Project3.TestPracticeSearch@71238fc2]" started-at="2023-10-12T13:22:11 IST" name="findpractice" finished-at="2023-10-12T13:22:11 IST" duration-ms="11" status="PASS">
          <reporter-output>
          </reporter-output>
        </test-method> <!-- findpractice -->
        <test-method signature="findpracticeEmptyInput()[pri:0, instance:com.Phase2Project3.TestPracticeSearch@71238fc2]" started-at="2023-10-12T13:22:11 IST" name="findpracticeEmptyInput" finished-at="2023-10-12T13:22:11 IST" duration-ms="1" status="PASS">
          <reporter-output>
          </reporter-output>
        </test-method> <!-- findpracticeEmptyInput -->
        <test-method signature="findpracticeInvalidInput()[pri:0, instance:com.Phase2Project3.TestPracticeSearch@71238fc2]" started-at="2023-10-12T13:22:11 IST" name="findpracticeInvalidInput" finished-at="2023-10-12T13:22:11 IST" duration-ms="2" status="PASS">
          <reporter-output>
          </reporter-output>
        </test-method> <!-- findpracticeInvalidInput -->
      </class> <!-- com.Phase2Project3.TestPracticeSearch -->
    </test> <!-- Default test -->
  </suite> <!-- Default suite -->
</testng-results>
